<?xml version="1.0" encoding="UTF-8"?>
<!-- Generated by org.testng.reporters.JUnitXMLReporter -->
<testsuite hostname="DBC-000564" ignored="0" name="User Tests" tests="17" failures="5" timestamp="2022-11-12T16:36:23 GMT-03:00" time="255.416" errors="0">
  <testcase name="deveDesabilitarBtnSalvarEnderecoCasoNumeroNaoSejaInformado" time="2.734" classname="br.com.ifood.steps.LandingSteps"/>
  <testcase name="deveInformarEnderecoEscolhidoNavBar" time="4.19" classname="br.com.ifood.steps.LandingSteps"/>
  <testcase name="deveInformarUsuarioParaBuscarEnderecoCasoCampoEstejaVazio" time="0.07" classname="br.com.ifood.steps.LandingSteps"/>
  <testcase name="deveManterBtnDesabilitadoCasoSejaDigitadoValorInvalido" time="2.955" classname="br.com.ifood.steps.LandingSteps">
    <failure type="java.lang.AssertionError" message="expected [true] but found [null]">
      <![CDATA[java.lang.AssertionError: expected [true] but found [null]
at br.com.ifood.steps.LandingSteps.deveManterBtnDesabilitadoCasoSejaDigitadoValorInvalido(LandingSteps.java:80)
at java.util.ArrayList.forEach(ArrayList.java:1259)
... Removed 37 stack frames]]>
    </failure>
  </testcase> <!-- deveManterBtnDesabilitadoCasoSejaDigitadoValorInvalido -->
  <testcase name="devePedirNumeroDoEnderecoCasoNaoSejaInformado" time="2.412" classname="br.com.ifood.steps.LandingSteps"/>
  <testcase name="deveRetornarMensagemErroAoInformarEnderecoInvalido" time="1.798" classname="br.com.ifood.steps.LandingSteps"/>
  <testcase name="testeDeveRedirecionarParaAPaginaDaLoja" time="7.599" classname="br.com.ifood.steps.HomeSteps"/>
  <testcase name="testeVerficarQuartoBannerEstaAtivo" time="6.877" classname="br.com.ifood.steps.HomeSteps"/>
  <testcase name="testeVerificarBotaoSwipeDisabledCasoAListaAcabe" time="12.589" classname="br.com.ifood.steps.HomeSteps">
    <failure type="org.openqa.selenium.NoSuchElementException" message="no such element: Unable to locate element: {&amp;quot;method&amp;quot;:&amp;quot;css selector&amp;quot;,&amp;quot;selector&amp;quot;:&amp;quot;#__next &amp;gt; div:nth-child(1) &amp;gt; main &amp;gt; div &amp;gt; div.content-container.cardstack-home &amp;gt; section &amp;gt; article:nth-child(1) &amp;gt; section:nth-child(2) &amp;gt; ul &amp;gt; div &amp;gt; div.swiper-button-next&amp;quot;}
  (Session info: chrome=107.0.5304.107)
For documentation on this error, please visit: https://selenium.dev/exceptions/#no_such_element
Build info: version: &amp;apos;4.1.2&amp;apos;, revision: &amp;apos;9a5a329c5a&amp;apos;
System info: host: &amp;apos;DBC-000564&amp;apos;, ip: &amp;apos;192.168.100.65&amp;apos;, os.name: &amp;apos;Windows 10&amp;apos;, os.arch: &amp;apos;amd64&amp;apos;, os.version: &amp;apos;10.0&amp;apos;, java.version: &amp;apos;1.8.0_352&amp;apos;
Driver info: org.openqa.selenium.chrome.ChromeDriver
Command: [2d0df0c4e9bfc3932f1d06af013302c0, findElement {using=css selector, value=#__next &amp;gt; div:nth-child(1) &amp;gt; main &amp;gt; div &amp;gt; div.content-container.cardstack-home &amp;gt; section &amp;gt; article:nth-child(1) &amp;gt; section:nth-child(2) &amp;gt; ul &amp;gt; div &amp;gt; div.swiper-button-next}]
Capabilities {acceptInsecureCerts: false, browserName: chrome, browserVersion: 107.0.5304.107, chrome: {chromedriverVersion: 107.0.5304.62 (1eec40d3a576..., userDataDir: C:\Users\RAWAD~1.YEH\AppDat...}, goog:chromeOptions: {debuggerAddress: localhost:52906}, javascriptEnabled: true, networkConnectionEnabled: false, pageLoadStrategy: normal, platform: WINDOWS, platformName: WINDOWS, proxy: Proxy(), se:cdp: ws://localhost:52906/devtoo..., se:cdpVersion: 107.0.5304.107, setWindowRect: true, strictFileInteractability: false, timeouts: {implicit: 0, pageLoad: 300000, script: 30000}, unhandledPromptBehavior: dismiss and notify, webauthn:extension:credBlob: true, webauthn:extension:largeBlob: true, webauthn:virtualAuthenticators: true}
Session ID: 2d0df0c4e9bfc3932f1d06af013302c0">
      <![CDATA[org.openqa.selenium.NoSuchElementException: no such element: Unable to locate element: {"method":"css selector","selector":"#__next > div:nth-child(1) > main > div > div.content-container.cardstack-home > section > article:nth-child(1) > section:nth-child(2) > ul > div > div.swiper-button-next"}
  (Session info: chrome=107.0.5304.107)
For documentation on this error, please visit: https://selenium.dev/exceptions/#no_such_element
Build info: version: '4.1.2', revision: '9a5a329c5a'
System info: host: 'DBC-000564', ip: '192.168.100.65', os.name: 'Windows 10', os.arch: 'amd64', os.version: '10.0', java.version: '1.8.0_352'
Driver info: org.openqa.selenium.chrome.ChromeDriver
Command: [2d0df0c4e9bfc3932f1d06af013302c0, findElement {using=css selector, value=#__next > div:nth-child(1) > main > div > div.content-container.cardstack-home > section > article:nth-child(1) > section:nth-child(2) > ul > div > div.swiper-button-next}]
Capabilities {acceptInsecureCerts: false, browserName: chrome, browserVersion: 107.0.5304.107, chrome: {chromedriverVersion: 107.0.5304.62 (1eec40d3a576..., userDataDir: C:\Users\RAWAD~1.YEH\AppDat...}, goog:chromeOptions: {debuggerAddress: localhost:52906}, javascriptEnabled: true, networkConnectionEnabled: false, pageLoadStrategy: normal, platform: WINDOWS, platformName: WINDOWS, proxy: Proxy(), se:cdp: ws://localhost:52906/devtoo..., se:cdpVersion: 107.0.5304.107, setWindowRect: true, strictFileInteractability: false, timeouts: {implicit: 0, pageLoad: 300000, script: 30000}, unhandledPromptBehavior: dismiss and notify, webauthn:extension:credBlob: true, webauthn:extension:largeBlob: true, webauthn:virtualAuthenticators: true}
Session ID: 2d0df0c4e9bfc3932f1d06af013302c0
at org.openqa.selenium.remote.codec.w3c.W3CHttpResponseCodec.createException(W3CHttpResponseCodec.java:200)
at org.openqa.selenium.remote.codec.w3c.W3CHttpResponseCodec.decode(W3CHttpResponseCodec.java:133)
at org.openqa.selenium.remote.codec.w3c.W3CHttpResponseCodec.decode(W3CHttpResponseCodec.java:53)
at org.openqa.selenium.remote.HttpCommandExecutor.execute(HttpCommandExecutor.java:184)
at org.openqa.selenium.remote.service.DriverCommandExecutor.invokeExecute(DriverCommandExecutor.java:167)
at org.openqa.selenium.remote.service.DriverCommandExecutor.execute(DriverCommandExecutor.java:142)
at org.openqa.selenium.remote.RemoteWebDriver.execute(RemoteWebDriver.java:558)
at org.openqa.selenium.remote.ElementLocation$ElementFinder$2.findElement(ElementLocation.java:162)
at org.openqa.selenium.remote.ElementLocation.findElement(ElementLocation.java:60)
at org.openqa.selenium.remote.RemoteWebDriver.findElement(RemoteWebDriver.java:382)
at org.openqa.selenium.remote.RemoteWebDriver.findElement(RemoteWebDriver.java:374)
at br.com.ifood.util.Elements.element(Elements.java:12)
at br.com.ifood.pages.HomePage.retonarEstadoBotaoDireito(HomePage.java:78)
at br.com.ifood.steps.HomeSteps.testeVerificarBotaoSwipeDisabledCasoAListaAcabe(HomeSteps.java:41)
at java.util.ArrayList.forEach(ArrayList.java:1259)
... Removed 35 stack frames]]>
    </failure>
  </testcase> <!-- testeVerificarBotaoSwipeDisabledCasoAListaAcabe -->
  <testcase name="testeVerificarImagemTrocaDeTamanho" time="6.897" classname="br.com.ifood.steps.HomeSteps"/>
  <testcase name="testeVerificarSeListaAumentaAoClicarVerMais" time="6.752" classname="br.com.ifood.steps.HomeSteps">
    <failure type="java.lang.AssertionError" message="did not expect [20] but found [20]">
      <![CDATA[java.lang.AssertionError: did not expect [20] but found [20]
at br.com.ifood.steps.HomeSteps.testeVerificarSeListaAumentaAoClicarVerMais(HomeSteps.java:54)
at java.util.ArrayList.forEach(ArrayList.java:1259)
... Removed 36 stack frames]]>
    </failure>
  </testcase> <!-- testeVerificarSeListaAumentaAoClicarVerMais -->
  <testcase name="testeDeveAdicionarItemAoCarrinho" time="26.266" classname="br.com.ifood.steps.NavbarSteps"/>
  <testcase name="testeDeveInformarErroCasoDigiteCupomInvalido" time="26.449" classname="br.com.ifood.steps.NavbarSteps"/>
  <testcase name="testeDeveInformarQueOCarrinhoEstaVazio" time="3.906" classname="br.com.ifood.steps.NavbarSteps">
    <failure type="java.lang.AssertionError" message="expected [] but found [Sua sacola está vazia]">
      <![CDATA[java.lang.AssertionError: expected [] but found [Sua sacola está vazia]
at br.com.ifood.steps.NavbarSteps.testeDeveInformarQueOCarrinhoEstaVazio(NavbarSteps.java:69)
at java.util.ArrayList.forEach(ArrayList.java:1259)
... Removed 37 stack frames]]>
    </failure>
  </testcase> <!-- testeDeveInformarQueOCarrinhoEstaVazio -->
  <testcase name="testeDeveRemoverProdutoDoCarrinhoComSucesso" time="22.188" classname="br.com.ifood.steps.NavbarSteps"/>
  <testcase name="testeDeveRetornarProdutoNaoEncontrado" time="6.274" classname="br.com.ifood.steps.NavbarSteps"/>
  <testcase name="testeListarProdutoOuLojaBuscada" time="4.006" classname="br.com.ifood.steps.NavbarSteps">
    <failure type="java.lang.AssertionError" message="expected [https://www.ifood.com.br/busca?q=cerveja] but found [https://www.ifood.com.br/inicio]">
      <![CDATA[java.lang.AssertionError: expected [https://www.ifood.com.br/busca?q=cerveja] but found [https://www.ifood.com.br/inicio]
at br.com.ifood.steps.NavbarSteps.testeListarProdutoOuLojaBuscada(NavbarSteps.java:28)
at java.util.ArrayList.forEach(ArrayList.java:1259)
... Removed 37 stack frames]]>
    </failure>
  </testcase> <!-- testeListarProdutoOuLojaBuscada -->
</testsuite> <!-- User Tests -->
